{
  "RSpec": {
    "coverage": {
      "/Users/MacBook/Projects/bookmark_manager/spec/features/creating_links_spec.rb": [
        null,
        null,
        1,
        null,
        1,
        null,
        0,
        0,
        0,
        0,
        0,
        null,
        0,
        0,
        null,
        null,
        null,
        null,
        null
      ],
      "/Users/MacBook/Projects/bookmark_manager/spec/features/password_confirmation_spec.rb": [

      ],
      "/Users/MacBook/Projects/bookmark_manager/spec/features/sign_up_test_spec.rb": [
        1,
        null,
        0,
        null,
        0,
        0,
        null,
        0,
        0,
        null,
        null,
        null,
        null,
        null,
        null
      ],
      "/Users/MacBook/Projects/bookmark_manager/spec/web_helper.rb": [
        null,
        null,
        null,
        null,
        null,
        null,
        null,
        null,
        null,
        null,
        null
      ],
      "/Users/MacBook/Projects/bookmark_manager/spec/features/tags_test_spec.rb": [
        1,
        null,
        1,
        0,
        0,
        0,
        0,
        null,
        0,
        0,
        0,
        0,
        null,
        null,
        1,
        0,
        0,
        0,
        0,
        0,
        0,
        0,
        0,
        0,
        null,
        null,
        null
      ],
      "/Users/MacBook/Projects/bookmark_manager/spec/features/view_links_spec.rb": [
        null,
        1,
        null,
        1,
        null,
        0,
        null,
        0,
        null,
        0,
        0,
        null,
        null,
        null,
        null,
        null
      ],
      "/Users/MacBook/Projects/bookmark_manager/spec/features/view_tags_spec.rb": [
        null,
        1,
        null,
        1,
        0,
        0,
        0,
        0,
        null,
        null,
        1,
        null,
        0,
        0,
        null,
        0,
        0,
        0,
        0,
        0,
        null,
        null,
        null,
        null,
        null
      ]
    },
    "timestamp": 1506075314
  }
}
